android/app/build/intermediates/manifest_merge_blame_file/release/processReleaseMainManifest/manifest-merger-blame-release-report.txt
1<?xml version="1.0" encoding="utf-8"?>
2<manifest xmlns:android="http://schemas.android.com/apk/res/android"
3    package="com.Barrim.AppBarrim"
4    android:versionCode="5"
5    android:versionName="1.0.8" >
6
7    <uses-sdk
8        android:minSdkVersion="24"
9        android:targetSdkVersion="36" />
10
11    <uses-permission android:name="android.permission.ACCESS_FINE_LOCATION" />
11-->src/main/AndroidManifest.xml:4:5-79
11-->src/main/AndroidManifest.xml:4:22-76
12    <uses-permission android:name="android.permission.ACCESS_COARSE_LOCATION" />
12-->src/main/AndroidManifest.xml:5:5-81
12-->src/main/AndroidManifest.xml:5:22-78
13    <!-- Background location removed - only request when needed for specific features -->
14    <uses-permission android:name="android.permission.INTERNET" />
14-->src/main/AndroidManifest.xml:7:5-66
14-->src/main/AndroidManifest.xml:7:22-64
15    <uses-permission android:name="android.permission.POST_NOTIFICATIONS" />
15-->src/main/AndroidManifest.xml:8:5-77
15-->src/main/AndroidManifest.xml:8:22-74
16        tools:ignore="QueryAllPackagesPermission" />
17    <queries>
17-->src/main/AndroidManifest.xml:13:5-37:15
18
19        <!-- For Google Maps -->
20        <intent>
20-->src/main/AndroidManifest.xml:15:9-18:18
21            <action android:name="android.intent.action.VIEW" />
21-->src/main/AndroidManifest.xml:16:13-65
21-->src/main/AndroidManifest.xml:16:21-62
22
23            <data android:scheme="https" />
23-->src/main/AndroidManifest.xml:17:13-44
23-->src/main/AndroidManifest.xml:17:19-41
24        </intent>
25        <intent>
25-->src/main/AndroidManifest.xml:19:9-22:18
26            <action android:name="android.intent.action.VIEW" />
26-->src/main/AndroidManifest.xml:16:13-65
26-->src/main/AndroidManifest.xml:16:21-62
27
28            <data android:scheme="geo" />
28-->src/main/AndroidManifest.xml:17:13-44
28-->src/main/AndroidManifest.xml:17:19-41
29        </intent>
30        <intent>
30-->src/main/AndroidManifest.xml:23:9-26:18
31            <action android:name="android.intent.action.VIEW" />
31-->src/main/AndroidManifest.xml:16:13-65
31-->src/main/AndroidManifest.xml:16:21-62
32
33            <data android:scheme="comgooglemaps" />
33-->src/main/AndroidManifest.xml:17:13-44
33-->src/main/AndroidManifest.xml:17:19-41
34        </intent>
35        <intent>
35-->src/main/AndroidManifest.xml:27:9-30:18
36            <action android:name="android.intent.action.VIEW" />
36-->src/main/AndroidManifest.xml:16:13-65
36-->src/main/AndroidManifest.xml:16:21-62
37
38            <data android:scheme="http" />
38-->src/main/AndroidManifest.xml:17:13-44
38-->src/main/AndroidManifest.xml:17:19-41
39        </intent>
40        <intent>
40-->src/main/AndroidManifest.xml:15:9-18:18
41            <action android:name="android.intent.action.VIEW" />
41-->src/main/AndroidManifest.xml:16:13-65
41-->src/main/AndroidManifest.xml:16:21-62
42
43            <data android:scheme="https" />
43-->src/main/AndroidManifest.xml:17:13-44
43-->src/main/AndroidManifest.xml:17:19-41
44        </intent>
45
46        <package android:name="com.google.android.apps.maps" />
46-->src/main/AndroidManifest.xml:36:9-64
46-->src/main/AndroidManifest.xml:36:18-61
47    </queries>
48    <!--
49         Required to query activities that can process text, see:
50         https://developer.android.com/training/package-visibility and
51         https://developer.android.com/reference/android/content/Intent#ACTION_PROCESS_TEXT.
52
53         In particular, this is used by the Flutter engine in io.flutter.plugin.text.ProcessTextPlugin.
54    -->
55    <queries>
55-->src/main/AndroidManifest.xml:13:5-37:15
56        <intent>
56-->src/main/AndroidManifest.xml:87:9-90:18
57            <action android:name="android.intent.action.PROCESS_TEXT" />
57-->src/main/AndroidManifest.xml:88:13-72
57-->src/main/AndroidManifest.xml:88:21-70
58
59            <data android:mimeType="text/plain" />
59-->src/main/AndroidManifest.xml:17:13-44
59-->src/main/AndroidManifest.xml:89:19-48
60        </intent>
61    </queries>
62
63    <uses-permission android:name="android.permission.WAKE_LOCK" />
63-->[:firebase_messaging] AndroidManifest.xml:8:5-68
63-->[:firebase_messaging] AndroidManifest.xml:8:22-65
64    <uses-permission android:name="android.permission.ACCESS_NETWORK_STATE" /> <!-- Required by older versions of Google Play services to create IID tokens -->
64-->[:firebase_messaging] AndroidManifest.xml:9:5-79
64-->[:firebase_messaging] AndroidManifest.xml:9:22-76
65    <uses-permission android:name="com.google.android.c2dm.permission.RECEIVE" />
65-->[com.google.firebase:firebase-messaging:24.1.2] AndroidManifest.xml:26:5-82
65-->[com.google.firebase:firebase-messaging:24.1.2] AndroidManifest.xml:26:22-79
66    <uses-permission android:name="android.permission.VIBRATE" />
66-->[:flutter_local_notifications] AndroidManifest.xml:7:5-66
66-->[:flutter_local_notifications] AndroidManifest.xml:7:22-63
67
68    <uses-feature
68-->[com.google.android.gms:play-services-maps:19.2.0] AndroidManifest.xml:22:5-24:33
69        android:glEsVersion="0x00020000"
69-->[com.google.android.gms:play-services-maps:19.2.0] AndroidManifest.xml:23:8-40
70        android:required="true" />
70-->[com.google.android.gms:play-services-maps:19.2.0] AndroidManifest.xml:24:8-31
71
72    <uses-permission android:name="com.google.android.providers.gsf.permission.READ_GSERVICES" />
72-->[com.google.android.recaptcha:recaptcha:18.6.1] AndroidManifest.xml:9:5-98
72-->[com.google.android.recaptcha:recaptcha:18.6.1] AndroidManifest.xml:9:22-95
73
74    <permission
74-->[androidx.core:core:1.13.1] AndroidManifest.xml:22:5-24:47
75        android:name="com.Barrim.AppBarrim.DYNAMIC_RECEIVER_NOT_EXPORTED_PERMISSION"
75-->[androidx.core:core:1.13.1] AndroidManifest.xml:23:9-81
76        android:protectionLevel="signature" />
76-->[androidx.core:core:1.13.1] AndroidManifest.xml:24:9-44
77
78    <uses-permission android:name="com.Barrim.AppBarrim.DYNAMIC_RECEIVER_NOT_EXPORTED_PERMISSION" />
78-->[androidx.core:core:1.13.1] AndroidManifest.xml:26:5-97
78-->[androidx.core:core:1.13.1] AndroidManifest.xml:26:22-94
79
80    <application
81        android:name="android.app.Application"
81-->src/main/AndroidManifest.xml:40:9-42
82        android:appComponentFactory="androidx.core.app.CoreComponentFactory"
82-->[androidx.core:core:1.13.1] AndroidManifest.xml:28:18-86
83        android:extractNativeLibs="false"
84        android:icon="@mipmap/ic_launcher"
84-->src/main/AndroidManifest.xml:41:9-43
85        android:label="Barrim"
85-->src/main/AndroidManifest.xml:39:9-31
86        android:networkSecurityConfig="@xml/network_security_config" >
86-->src/main/AndroidManifest.xml:42:9-69
87
88        <!-- Google Maps API Key -->
89        <meta-data
89-->src/main/AndroidManifest.xml:45:9-46:58
90            android:name="com.google.android.geo.API_KEY"
90-->src/main/AndroidManifest.xml:45:20-65
91            android:value="@string/google_maps_api_key" />
91-->src/main/AndroidManifest.xml:46:13-56
92
93        <!-- Google Sign-In Configuration -->
94        <meta-data
94-->src/main/AndroidManifest.xml:49:9-50:69
95            android:name="com.google.android.gms.version"
95-->src/main/AndroidManifest.xml:49:20-65
96            android:value="@integer/google_play_services_version" />
96-->src/main/AndroidManifest.xml:50:13-66
97
98        <activity
98-->src/main/AndroidManifest.xml:51:10-74:20
99            android:name="com.Barrim.AppBarrim.MainActivity"
99-->src/main/AndroidManifest.xml:52:13-41
100            android:configChanges="orientation|keyboardHidden|keyboard|screenSize|smallestScreenSize|locale|layoutDirection|fontScale|screenLayout|density|uiMode"
100-->src/main/AndroidManifest.xml:57:13-163
101            android:enableOnBackInvokedCallback="true"
101-->src/main/AndroidManifest.xml:60:13-55
102            android:exported="true"
102-->src/main/AndroidManifest.xml:53:13-36
103            android:hardwareAccelerated="true"
103-->src/main/AndroidManifest.xml:58:13-47
104            android:launchMode="singleTop"
104-->src/main/AndroidManifest.xml:54:13-43
105            android:taskAffinity=""
105-->src/main/AndroidManifest.xml:55:13-36
106            android:theme="@style/LaunchTheme"
106-->src/main/AndroidManifest.xml:56:13-47
107            android:windowSoftInputMode="adjustResize" >
107-->src/main/AndroidManifest.xml:59:13-55
108
109            <!--
110                 Specifies an Android theme to apply to this Activity as soon as
111                 the Android process has started. This theme is visible to the user
112                 while the Flutter UI initializes. After that, this theme continues
113                 to determine the Window background behind the Flutter UI.
114            -->
115            <meta-data
115-->src/main/AndroidManifest.xml:65:13-68:17
116                android:name="io.flutter.embedding.android.NormalTheme"
116-->src/main/AndroidManifest.xml:66:15-70
117                android:resource="@style/NormalTheme" />
117-->src/main/AndroidManifest.xml:67:15-52
118
119            <intent-filter>
119-->src/main/AndroidManifest.xml:70:13-73:29
120                <action android:name="android.intent.action.MAIN" />
120-->src/main/AndroidManifest.xml:71:17-68
120-->src/main/AndroidManifest.xml:71:25-66
121
122                <category android:name="android.intent.category.LAUNCHER" />
122-->src/main/AndroidManifest.xml:72:17-76
122-->src/main/AndroidManifest.xml:72:27-74
123            </intent-filter>
124        </activity>
125        <!--
126             Don't delete the meta-data below.
127             This is used by the Flutter tool to generate GeneratedPluginRegistrant.java
128        -->
129        <meta-data
129-->src/main/AndroidManifest.xml:77:9-79:33
130            android:name="flutterEmbedding"
130-->src/main/AndroidManifest.xml:78:13-44
131            android:value="2" />
131-->src/main/AndroidManifest.xml:79:13-30
132        <!--
133           Declares a provider which allows us to store files to share in
134           '.../caches/share_plus' and grant the receiving action access
135        -->
136        <provider
136-->[:share_plus] AndroidManifest.xml:13:9-21:20
137            android:name="dev.fluttercommunity.plus.share.ShareFileProvider"
137-->[:share_plus] AndroidManifest.xml:14:13-77
138            android:authorities="com.Barrim.AppBarrim.flutter.share_provider"
138-->[:share_plus] AndroidManifest.xml:15:13-74
139            android:exported="false"
139-->[:share_plus] AndroidManifest.xml:16:13-37
140            android:grantUriPermissions="true" >
140-->[:share_plus] AndroidManifest.xml:17:13-47
141            <meta-data
141-->[:share_plus] AndroidManifest.xml:18:13-20:68
142                android:name="android.support.FILE_PROVIDER_PATHS"
142-->[:share_plus] AndroidManifest.xml:19:17-67
143                android:resource="@xml/flutter_share_file_paths" />
143-->[:share_plus] AndroidManifest.xml:20:17-65
144        </provider>
145        <!--
146           This manifest declared broadcast receiver allows us to use an explicit
147           Intent when creating a PendingItent to be informed of the user's choice
148        -->
149        <receiver
149-->[:share_plus] AndroidManifest.xml:26:9-32:20
150            android:name="dev.fluttercommunity.plus.share.SharePlusPendingIntent"
150-->[:share_plus] AndroidManifest.xml:27:13-82
151            android:exported="false" >
151-->[:share_plus] AndroidManifest.xml:28:13-37
152            <intent-filter>
152-->[:share_plus] AndroidManifest.xml:29:13-31:29
153                <action android:name="EXTRA_CHOSEN_COMPONENT" />
153-->[:share_plus] AndroidManifest.xml:30:17-65
153-->[:share_plus] AndroidManifest.xml:30:25-62
154            </intent-filter>
155        </receiver>
156
157        <service
157-->[:firebase_messaging] AndroidManifest.xml:14:9-17:72
158            android:name="io.flutter.plugins.firebase.messaging.FlutterFirebaseMessagingBackgroundService"
158-->[:firebase_messaging] AndroidManifest.xml:15:13-107
159            android:exported="false"
159-->[:firebase_messaging] AndroidManifest.xml:16:13-37
160            android:permission="android.permission.BIND_JOB_SERVICE" />
160-->[:firebase_messaging] AndroidManifest.xml:17:13-69
161        <service
161-->[:firebase_messaging] AndroidManifest.xml:18:9-24:19
162            android:name="io.flutter.plugins.firebase.messaging.FlutterFirebaseMessagingService"
162-->[:firebase_messaging] AndroidManifest.xml:19:13-97
163            android:exported="false" >
163-->[:firebase_messaging] AndroidManifest.xml:20:13-37
164            <intent-filter>
164-->[:firebase_messaging] AndroidManifest.xml:21:13-23:29
165                <action android:name="com.google.firebase.MESSAGING_EVENT" />
165-->[:firebase_messaging] AndroidManifest.xml:22:17-78
165-->[:firebase_messaging] AndroidManifest.xml:22:25-75
166            </intent-filter>
167        </service>
168
169        <receiver
169-->[:firebase_messaging] AndroidManifest.xml:26:9-33:20
170            android:name="io.flutter.plugins.firebase.messaging.FlutterFirebaseMessagingReceiver"
170-->[:firebase_messaging] AndroidManifest.xml:27:13-98
171            android:exported="true"
171-->[:firebase_messaging] AndroidManifest.xml:28:13-36
172            android:permission="com.google.android.c2dm.permission.SEND" >
172-->[:firebase_messaging] AndroidManifest.xml:29:13-73
173            <intent-filter>
173-->[:firebase_messaging] AndroidManifest.xml:30:13-32:29
174                <action android:name="com.google.android.c2dm.intent.RECEIVE" />
174-->[:firebase_messaging] AndroidManifest.xml:31:17-81
174-->[:firebase_messaging] AndroidManifest.xml:31:25-78
175            </intent-filter>
176        </receiver>
177
178        <service
178-->[:firebase_messaging] AndroidManifest.xml:35:9-39:19
179            android:name="com.google.firebase.components.ComponentDiscoveryService"
179-->[:firebase_messaging] AndroidManifest.xml:35:18-89
180            android:directBootAware="true"
180-->[com.google.firebase:firebase-common:21.0.0] AndroidManifest.xml:32:13-43
181            android:exported="false" >
181-->[com.google.firebase:firebase-auth:23.2.1] AndroidManifest.xml:68:13-37
182            <meta-data
182-->[:firebase_messaging] AndroidManifest.xml:36:13-38:85
183                android:name="com.google.firebase.components:io.flutter.plugins.firebase.messaging.FlutterFirebaseAppRegistrar"
183-->[:firebase_messaging] AndroidManifest.xml:37:17-128
184                android:value="com.google.firebase.components.ComponentRegistrar" />
184-->[:firebase_messaging] AndroidManifest.xml:38:17-82
185            <meta-data
185-->[:firebase_core] AndroidManifest.xml:9:13-11:85
186                android:name="com.google.firebase.components:io.flutter.plugins.firebase.core.FlutterFirebaseCoreRegistrar"
186-->[:firebase_core] AndroidManifest.xml:10:17-124
187                android:value="com.google.firebase.components.ComponentRegistrar" />
187-->[:firebase_core] AndroidManifest.xml:11:17-82
188            <meta-data
188-->[com.google.firebase:firebase-auth:23.2.1] AndroidManifest.xml:69:13-71:85
189                android:name="com.google.firebase.components:com.google.firebase.auth.FirebaseAuthRegistrar"
189-->[com.google.firebase:firebase-auth:23.2.1] AndroidManifest.xml:70:17-109
190                android:value="com.google.firebase.components.ComponentRegistrar" />
190-->[com.google.firebase:firebase-auth:23.2.1] AndroidManifest.xml:71:17-82
191            <meta-data
191-->[com.google.firebase:firebase-firestore:25.1.4] AndroidManifest.xml:17:13-19:85
192                android:name="com.google.firebase.components:com.google.firebase.firestore.FirebaseFirestoreKtxRegistrar"
192-->[com.google.firebase:firebase-firestore:25.1.4] AndroidManifest.xml:18:17-122
193                android:value="com.google.firebase.components.ComponentRegistrar" />
193-->[com.google.firebase:firebase-firestore:25.1.4] AndroidManifest.xml:19:17-82
194            <meta-data
194-->[com.google.firebase:firebase-firestore:25.1.4] AndroidManifest.xml:20:13-22:85
195                android:name="com.google.firebase.components:com.google.firebase.firestore.FirestoreRegistrar"
195-->[com.google.firebase:firebase-firestore:25.1.4] AndroidManifest.xml:21:17-111
196                android:value="com.google.firebase.components.ComponentRegistrar" />
196-->[com.google.firebase:firebase-firestore:25.1.4] AndroidManifest.xml:22:17-82
197            <meta-data
197-->[com.google.firebase:firebase-messaging:24.1.2] AndroidManifest.xml:57:13-59:85
198                android:name="com.google.firebase.components:com.google.firebase.messaging.FirebaseMessagingKtxRegistrar"
198-->[com.google.firebase:firebase-messaging:24.1.2] AndroidManifest.xml:58:17-122
199                android:value="com.google.firebase.components.ComponentRegistrar" />
199-->[com.google.firebase:firebase-messaging:24.1.2] AndroidManifest.xml:59:17-82
200            <meta-data
200-->[com.google.firebase:firebase-messaging:24.1.2] AndroidManifest.xml:60:13-62:85
201                android:name="com.google.firebase.components:com.google.firebase.messaging.FirebaseMessagingRegistrar"
201-->[com.google.firebase:firebase-messaging:24.1.2] AndroidManifest.xml:61:17-119
202                android:value="com.google.firebase.components.ComponentRegistrar" />
202-->[com.google.firebase:firebase-messaging:24.1.2] AndroidManifest.xml:62:17-82
203            <meta-data
203-->[com.google.firebase:firebase-installations:18.0.0] AndroidManifest.xml:15:13-17:85
204                android:name="com.google.firebase.components:com.google.firebase.installations.FirebaseInstallationsKtxRegistrar"
204-->[com.google.firebase:firebase-installations:18.0.0] AndroidManifest.xml:16:17-130
205                android:value="com.google.firebase.components.ComponentRegistrar" />
205-->[com.google.firebase:firebase-installations:18.0.0] AndroidManifest.xml:17:17-82
206            <meta-data
206-->[com.google.firebase:firebase-installations:18.0.0] AndroidManifest.xml:18:13-20:85
207                android:name="com.google.firebase.components:com.google.firebase.installations.FirebaseInstallationsRegistrar"
207-->[com.google.firebase:firebase-installations:18.0.0] AndroidManifest.xml:19:17-127
208                android:value="com.google.firebase.components.ComponentRegistrar" />
208-->[com.google.firebase:firebase-installations:18.0.0] AndroidManifest.xml:20:17-82
209            <meta-data
209-->[com.google.firebase:firebase-common-ktx:21.0.0] AndroidManifest.xml:12:13-14:85
210                android:name="com.google.firebase.components:com.google.firebase.ktx.FirebaseCommonLegacyRegistrar"
210-->[com.google.firebase:firebase-common-ktx:21.0.0] AndroidManifest.xml:13:17-116
211                android:value="com.google.firebase.components.ComponentRegistrar" />
211-->[com.google.firebase:firebase-common-ktx:21.0.0] AndroidManifest.xml:14:17-82
212            <meta-data
212-->[com.google.firebase:firebase-common:21.0.0] AndroidManifest.xml:35:13-37:85
213                android:name="com.google.firebase.components:com.google.firebase.FirebaseCommonKtxRegistrar"
213-->[com.google.firebase:firebase-common:21.0.0] AndroidManifest.xml:36:17-109
214                android:value="com.google.firebase.components.ComponentRegistrar" />
214-->[com.google.firebase:firebase-common:21.0.0] AndroidManifest.xml:37:17-82
215            <meta-data
215-->[com.google.firebase:firebase-datatransport:18.2.0] AndroidManifest.xml:25:13-27:85
216                android:name="com.google.firebase.components:com.google.firebase.datatransport.TransportRegistrar"
216-->[com.google.firebase:firebase-datatransport:18.2.0] AndroidManifest.xml:26:17-115
217                android:value="com.google.firebase.components.ComponentRegistrar" />
217-->[com.google.firebase:firebase-datatransport:18.2.0] AndroidManifest.xml:27:17-82
218        </service>
219
220        <provider
220-->[:firebase_messaging] AndroidManifest.xml:41:9-45:38
221            android:name="io.flutter.plugins.firebase.messaging.FlutterFirebaseMessagingInitProvider"
221-->[:firebase_messaging] AndroidManifest.xml:42:13-102
222            android:authorities="com.Barrim.AppBarrim.flutterfirebasemessaginginitprovider"
222-->[:firebase_messaging] AndroidManifest.xml:43:13-88
223            android:exported="false"
223-->[:firebase_messaging] AndroidManifest.xml:44:13-37
224            android:initOrder="99" />
224-->[:firebase_messaging] AndroidManifest.xml:45:13-35
225
226        <activity
226-->[com.google.firebase:firebase-auth:23.2.1] AndroidManifest.xml:29:9-46:20
227            android:name="com.google.firebase.auth.internal.GenericIdpActivity"
227-->[com.google.firebase:firebase-auth:23.2.1] AndroidManifest.xml:30:13-80
228            android:excludeFromRecents="true"
228-->[com.google.firebase:firebase-auth:23.2.1] AndroidManifest.xml:31:13-46
229            android:exported="true"
229-->[com.google.firebase:firebase-auth:23.2.1] AndroidManifest.xml:32:13-36
230            android:launchMode="singleTask"
230-->[com.google.firebase:firebase-auth:23.2.1] AndroidManifest.xml:33:13-44
231            android:theme="@android:style/Theme.Translucent.NoTitleBar" >
231-->[com.google.firebase:firebase-auth:23.2.1] AndroidManifest.xml:34:13-72
232            <intent-filter>
232-->[com.google.firebase:firebase-auth:23.2.1] AndroidManifest.xml:35:13-45:29
233                <action android:name="android.intent.action.VIEW" />
233-->src/main/AndroidManifest.xml:16:13-65
233-->src/main/AndroidManifest.xml:16:21-62
234
235                <category android:name="android.intent.category.DEFAULT" />
235-->[com.google.firebase:firebase-auth:23.2.1] AndroidManifest.xml:38:17-76
235-->[com.google.firebase:firebase-auth:23.2.1] AndroidManifest.xml:38:27-73
236                <category android:name="android.intent.category.BROWSABLE" />
236-->[com.google.firebase:firebase-auth:23.2.1] AndroidManifest.xml:39:17-78
236-->[com.google.firebase:firebase-auth:23.2.1] AndroidManifest.xml:39:27-75
237
238                <data
238-->src/main/AndroidManifest.xml:17:13-44
239                    android:host="firebase.auth"
240                    android:path="/"
241                    android:scheme="genericidp" />
241-->src/main/AndroidManifest.xml:17:19-41
242            </intent-filter>
243        </activity>
244        <activity
244-->[com.google.firebase:firebase-auth:23.2.1] AndroidManifest.xml:47:9-64:20
245            android:name="com.google.firebase.auth.internal.RecaptchaActivity"
245-->[com.google.firebase:firebase-auth:23.2.1] AndroidManifest.xml:48:13-79
246            android:excludeFromRecents="true"
246-->[com.google.firebase:firebase-auth:23.2.1] AndroidManifest.xml:49:13-46
247            android:exported="true"
247-->[com.google.firebase:firebase-auth:23.2.1] AndroidManifest.xml:50:13-36
248            android:launchMode="singleTask"
248-->[com.google.firebase:firebase-auth:23.2.1] AndroidManifest.xml:51:13-44
249            android:theme="@android:style/Theme.Translucent.NoTitleBar" >
249-->[com.google.firebase:firebase-auth:23.2.1] AndroidManifest.xml:52:13-72
250            <intent-filter>
250-->[com.google.firebase:firebase-auth:23.2.1] AndroidManifest.xml:53:13-63:29
251                <action android:name="android.intent.action.VIEW" />
251-->src/main/AndroidManifest.xml:16:13-65
251-->src/main/AndroidManifest.xml:16:21-62
252
253                <category android:name="android.intent.category.DEFAULT" />
253-->[com.google.firebase:firebase-auth:23.2.1] AndroidManifest.xml:38:17-76
253-->[com.google.firebase:firebase-auth:23.2.1] AndroidManifest.xml:38:27-73
254                <category android:name="android.intent.category.BROWSABLE" />
254-->[com.google.firebase:firebase-auth:23.2.1] AndroidManifest.xml:39:17-78
254-->[com.google.firebase:firebase-auth:23.2.1] AndroidManifest.xml:39:27-75
255
256                <data
256-->src/main/AndroidManifest.xml:17:13-44
257                    android:host="firebase.auth"
258                    android:path="/"
259                    android:scheme="recaptcha" />
259-->src/main/AndroidManifest.xml:17:19-41
260            </intent-filter>
261        </activity>
262
263        <receiver
263-->[com.google.firebase:firebase-messaging:24.1.2] AndroidManifest.xml:29:9-40:20
264            android:name="com.google.firebase.iid.FirebaseInstanceIdReceiver"
264-->[com.google.firebase:firebase-messaging:24.1.2] AndroidManifest.xml:30:13-78
265            android:exported="true"
265-->[com.google.firebase:firebase-messaging:24.1.2] AndroidManifest.xml:31:13-36
266            android:permission="com.google.android.c2dm.permission.SEND" >
266-->[com.google.firebase:firebase-messaging:24.1.2] AndroidManifest.xml:32:13-73
267            <intent-filter>
267-->[:firebase_messaging] AndroidManifest.xml:30:13-32:29
268                <action android:name="com.google.android.c2dm.intent.RECEIVE" />
268-->[:firebase_messaging] AndroidManifest.xml:31:17-81
268-->[:firebase_messaging] AndroidManifest.xml:31:25-78
269            </intent-filter>
270
271            <meta-data
271-->[com.google.firebase:firebase-messaging:24.1.2] AndroidManifest.xml:37:13-39:40
272                android:name="com.google.android.gms.cloudmessaging.FINISHED_AFTER_HANDLED"
272-->[com.google.firebase:firebase-messaging:24.1.2] AndroidManifest.xml:38:17-92
273                android:value="true" />
273-->[com.google.firebase:firebase-messaging:24.1.2] AndroidManifest.xml:39:17-37
274        </receiver>
275        <!--
276             FirebaseMessagingService performs security checks at runtime,
277             but set to not exported to explicitly avoid allowing another app to call it.
278        -->
279        <service
279-->[com.google.firebase:firebase-messaging:24.1.2] AndroidManifest.xml:46:9-53:19
280            android:name="com.google.firebase.messaging.FirebaseMessagingService"
280-->[com.google.firebase:firebase-messaging:24.1.2] AndroidManifest.xml:47:13-82
281            android:directBootAware="true"
281-->[com.google.firebase:firebase-messaging:24.1.2] AndroidManifest.xml:48:13-43
282            android:exported="false" >
282-->[com.google.firebase:firebase-messaging:24.1.2] AndroidManifest.xml:49:13-37
283            <intent-filter android:priority="-500" >
283-->[:firebase_messaging] AndroidManifest.xml:21:13-23:29
284                <action android:name="com.google.firebase.MESSAGING_EVENT" />
284-->[:firebase_messaging] AndroidManifest.xml:22:17-78
284-->[:firebase_messaging] AndroidManifest.xml:22:25-75
285            </intent-filter>
286        </service>
287
288        <provider
288-->[com.google.firebase:firebase-common:21.0.0] AndroidManifest.xml:23:9-28:39
289            android:name="com.google.firebase.provider.FirebaseInitProvider"
289-->[com.google.firebase:firebase-common:21.0.0] AndroidManifest.xml:24:13-77
290            android:authorities="com.Barrim.AppBarrim.firebaseinitprovider"
290-->[com.google.firebase:firebase-common:21.0.0] AndroidManifest.xml:25:13-72
291            android:directBootAware="true"
291-->[com.google.firebase:firebase-common:21.0.0] AndroidManifest.xml:26:13-43
292            android:exported="false"
292-->[com.google.firebase:firebase-common:21.0.0] AndroidManifest.xml:27:13-37
293            android:initOrder="100" />
293-->[com.google.firebase:firebase-common:21.0.0] AndroidManifest.xml:28:13-36
294
295        <service
295-->[:geolocator_android] AndroidManifest.xml:8:9-12:56
296            android:name="com.baseflow.geolocator.GeolocatorLocationService"
296-->[:geolocator_android] AndroidManifest.xml:9:13-77
297            android:enabled="true"
297-->[:geolocator_android] AndroidManifest.xml:10:13-35
298            android:exported="false"
298-->[:geolocator_android] AndroidManifest.xml:11:13-37
299            android:foregroundServiceType="location" />
299-->[:geolocator_android] AndroidManifest.xml:12:13-53
300        <service
300-->[:location] AndroidManifest.xml:11:9-15:56
301            android:name="com.lyokone.location.FlutterLocationService"
301-->[:location] AndroidManifest.xml:12:13-71
302            android:enabled="true"
302-->[:location] AndroidManifest.xml:13:13-35
303            android:exported="false"
303-->[:location] AndroidManifest.xml:14:13-37
304            android:foregroundServiceType="location" />
304-->[:location] AndroidManifest.xml:15:13-53
305
306        <provider
306-->[:image_picker_android] AndroidManifest.xml:9:9-17:20
307            android:name="io.flutter.plugins.imagepicker.ImagePickerFileProvider"
307-->[:image_picker_android] AndroidManifest.xml:10:13-82
308            android:authorities="com.Barrim.AppBarrim.flutter.image_provider"
308-->[:image_picker_android] AndroidManifest.xml:11:13-74
309            android:exported="false"
309-->[:image_picker_android] AndroidManifest.xml:12:13-37
310            android:grantUriPermissions="true" >
310-->[:image_picker_android] AndroidManifest.xml:13:13-47
311            <meta-data
311-->[:share_plus] AndroidManifest.xml:18:13-20:68
312                android:name="android.support.FILE_PROVIDER_PATHS"
312-->[:share_plus] AndroidManifest.xml:19:17-67
313                android:resource="@xml/flutter_image_picker_file_paths" />
313-->[:share_plus] AndroidManifest.xml:20:17-65
314        </provider> <!-- Trigger Google Play services to install the backported photo picker module. -->
315        <service
315-->[:image_picker_android] AndroidManifest.xml:19:9-31:19
316            android:name="com.google.android.gms.metadata.ModuleDependencies"
316-->[:image_picker_android] AndroidManifest.xml:20:13-78
317            android:enabled="false"
317-->[:image_picker_android] AndroidManifest.xml:21:13-36
318            android:exported="false" >
318-->[:image_picker_android] AndroidManifest.xml:22:13-37
319            <intent-filter>